19:31:32: Creating resource group General
19:31:32: Creating resource group Internal
19:31:32: Creating resource group Autodetect
19:31:32: SceneManagerFactory for type 'DefaultSceneManager' registered.
19:31:32: Registering ResourceManager for type Material
19:31:32: Registering ResourceManager for type Mesh
19:31:32: Registering ResourceManager for type Mesh2
19:31:32: Registering ResourceManager for type OldSkeleton
19:31:32: MovableObjectFactory for type 'ParticleSystem' registered.
19:31:32: ArchiveFactory for archive type FileSystem registered.
19:31:32: ArchiveFactory for archive type Zip registered.
19:31:32: ArchiveFactory for archive type EmbeddedZip registered.
19:31:32: DDS codec registering
19:31:32: FreeImage version: 3.17.0
19:31:32: This program uses FreeImage, a free, open source image library supporting all common bitmap formats. See http://freeimage.sourceforge.net for details
19:31:32: Supported formats: bmp,ico,jpg,jif,jpeg,jpe,jng,koa,iff,lbm,mng,pbm,pbm,pcd,pcx,pgm,pgm,png,ppm,ppm,ras,tga,targa,tif,tiff,wap,wbmp,wbm,psd,cut,xbm,xpm,gif,hdr,g3,sgi,rgb,rgba,bw,exr,j2k,j2c,jp2,pfm,pct,pict,pic,3fr,arw,bay,bmq,cap,cine,cr2,crw,cs1,dc2,dcr,drf,dsc,dng,erf,fff,ia,iiq,k25,kc2,kdc,mdc,mef,mos,mrw,nef,nrw,orf,pef,ptx,pxn,qtk,raf,raw,rdc,rw2,rwl,rwz,sr2,srf,srw,sti,x3f,webp,jxr,wdp,hdp
19:31:32: OITD codec registering
19:31:32: Registering ResourceManager for type HighLevelGpuProgram
19:31:32: MovableObjectFactory for type 'Entity' registered.
19:31:32: MovableObjectFactory for type 'Item' registered.
19:31:32: MovableObjectFactory for type 'Light' registered.
19:31:32: MovableObjectFactory for type 'BillboardSet' registered.
19:31:32: MovableObjectFactory for type 'ManualObject2' registered.
19:31:32: MovableObjectFactory for type 'BillboardChain' registered.
19:31:32: MovableObjectFactory for type 'RibbonTrail' registered.
19:31:32: MovableObjectFactory for type 'WireAabb' registered.
19:31:32: *-*-* OGRE Initialising
19:31:32: *-*-* Version 2.1.0unstable ('B')
19:31:32: OverlayElementFactory for type Panel registered.
19:31:32: OverlayElementFactory for type BorderPanel registered.
19:31:32: OverlayElementFactory for type TextArea registered.
19:31:32: Registering ResourceManager for type Font
19:31:32: Loading library /usr/lib/x86_64-linux-gnu/OGRE-2.1/OGRE/RenderSystem_GL3Plus.so
19:31:32: Installing plugin: GL 3+ RenderSystem
19:31:32: OpenGL 3+ Rendering Subsystem created.
19:31:32: Plugin successfully installed
19:31:32: Loading library /usr/lib/x86_64-linux-gnu/OGRE-2.1/OGRE/Plugin_ParticleFX.so
19:31:32: Installing plugin: ParticleFX
19:31:32: Particle Emitter Type 'Point' registered
19:31:32: Particle Emitter Type 'Box' registered
19:31:32: Particle Emitter Type 'Ellipsoid' registered
19:31:32: Particle Emitter Type 'Cylinder' registered
19:31:32: Particle Emitter Type 'Ring' registered
19:31:32: Particle Emitter Type 'HollowEllipsoid' registered
19:31:32: Particle Affector Type 'LinearForce' registered
19:31:32: Particle Affector Type 'ColourFader' registered
19:31:32: Particle Affector Type 'ColourFader2' registered
19:31:32: Particle Affector Type 'ColourImage' registered
19:31:32: Particle Affector Type 'ColourInterpolator' registered
19:31:32: Particle Affector Type 'Scaler' registered
19:31:32: Particle Affector Type 'Rotator' registered
19:31:32: Particle Affector Type 'DirectionRandomiser' registered
19:31:32: Particle Affector Type 'DeflectorPlane' registered
19:31:32: Plugin successfully installed
19:31:32: CPU Identifier & Features
19:31:32: -------------------------
19:31:32:  *   CPU ID: GenuineIntel: Intel(R) Core(TM) i7-5500U CPU @ 2.40GHz
19:31:32:  *   Logical cores: 4
19:31:32:  *      SSE: yes
19:31:32:  *     SSE2: yes
19:31:32:  *     SSE3: yes
19:31:32:  *      MMX: yes
19:31:32:  *   MMXEXT: yes
19:31:32:  *    3DNOW: no
19:31:32:  * 3DNOWEXT: no
19:31:32:  *     CMOV: yes
19:31:32:  *      TSC: yes
19:31:32:  *      FPU: yes
19:31:32:  *      PRO: yes
19:31:32:  *       HT: no
19:31:32: -------------------------
19:31:32: ******************************
*** Starting GLX Subsystem ***
******************************
19:31:32: GL3PlusRenderSystem::_createRenderWindow "OgreWindow(0)_0", 1x1 windowed  miscParams: FSAA=0 border=none contentScalingFactor=1.000000 currentGLContext=true externalGLControl=true gamma=true stereoMode=Frame Sequential 
19:31:32: GLXWindow::create used FBConfigID = 200
19:31:32: GL_VERSION = 3.0.0.0
19:31:32: GL_VENDOR = Intel Open Source Technology Center
19:31:32: GL_RENDERER = Mesa DRI Intel(R) HD Graphics 5500 (Broadwell GT2) 
19:31:32: GL_EXTENSIONS = 
19:31:32: GL_3DFX_texture_compression_FXT1
19:31:32: GL_AMD_conservative_depth
19:31:32: GL_AMD_draw_buffers_blend
19:31:32: GL_AMD_multi_draw_indirect
19:31:32: GL_AMD_query_buffer_object
19:31:32: GL_AMD_seamless_cubemap_per_texture
19:31:32: GL_AMD_shader_trinary_minmax
19:31:32: GL_AMD_texture_texture4
19:31:32: GL_ANGLE_texture_compression_dxt3
19:31:32: GL_ANGLE_texture_compression_dxt5
19:31:32: GL_APPLE_object_purgeable
19:31:32: GL_APPLE_packed_pixels
19:31:32: GL_ARB_ES2_compatibility
19:31:32: GL_ARB_ES3_1_compatibility
19:31:32: GL_ARB_ES3_compatibility
19:31:32: GL_ARB_arrays_of_arrays
19:31:32: GL_ARB_blend_func_extended
19:31:32: GL_ARB_buffer_storage
19:31:32: GL_ARB_clear_buffer_object
19:31:32: GL_ARB_clear_texture
19:31:32: GL_ARB_clip_control
19:31:32: GL_ARB_color_buffer_float
19:31:32: GL_ARB_compressed_texture_pixel_storage
19:31:32: GL_ARB_compute_shader
19:31:32: GL_ARB_conditional_render_inverted
19:31:32: GL_ARB_conservative_depth
19:31:32: GL_ARB_copy_buffer
19:31:32: GL_ARB_copy_image
19:31:32: GL_ARB_cull_distance
19:31:32: GL_ARB_debug_output
19:31:32: GL_ARB_depth_buffer_float
19:31:32: GL_ARB_depth_clamp
19:31:32: GL_ARB_depth_texture
19:31:32: GL_ARB_derivative_control
19:31:32: GL_ARB_draw_buffers
19:31:32: GL_ARB_draw_buffers_blend
19:31:32: GL_ARB_draw_elements_base_vertex
19:31:32: GL_ARB_draw_indirect
19:31:32: GL_ARB_draw_instanced
19:31:32: GL_ARB_explicit_attrib_location
19:31:32: GL_ARB_explicit_uniform_location
19:31:32: GL_ARB_fragment_coord_conventions
19:31:32: GL_ARB_fragment_layer_viewport
19:31:32: GL_ARB_fragment_program
19:31:32: GL_ARB_fragment_program_shadow
19:31:32: GL_ARB_fragment_shader
19:31:32: GL_ARB_framebuffer_no_attachments
19:31:32: GL_ARB_framebuffer_object
19:31:32: GL_ARB_framebuffer_sRGB
19:31:32: GL_ARB_get_program_binary
19:31:32: GL_ARB_get_texture_sub_image
19:31:32: GL_ARB_half_float_pixel
19:31:32: GL_ARB_half_float_vertex
19:31:32: GL_ARB_indirect_parameters
19:31:32: GL_ARB_instanced_arrays
19:31:32: GL_ARB_internalformat_query
19:31:32: GL_ARB_internalformat_query2
19:31:32: GL_ARB_invalidate_subdata
19:31:32: GL_ARB_map_buffer_alignment
19:31:32: GL_ARB_map_buffer_range
19:31:32: GL_ARB_multi_bind
19:31:32: GL_ARB_multi_draw_indirect
19:31:32: GL_ARB_multisample
19:31:32: GL_ARB_multitexture
19:31:32: GL_ARB_occlusion_query
19:31:32: GL_ARB_occlusion_query2
19:31:32: GL_ARB_parallel_shader_compile
19:31:32: GL_ARB_pipeline_statistics_query
19:31:32: GL_ARB_pixel_buffer_object
19:31:32: GL_ARB_point_parameters
19:31:32: GL_ARB_point_sprite
19:31:32: GL_ARB_polygon_offset_clamp
19:31:32: GL_ARB_program_interface_query
19:31:32: GL_ARB_provoking_vertex
19:31:32: GL_ARB_query_buffer_object
19:31:32: GL_ARB_robust_buffer_access_behavior
19:31:32: GL_ARB_robustness
19:31:32: GL_ARB_sample_shading
19:31:32: GL_ARB_sampler_objects
19:31:32: GL_ARB_seamless_cube_map
19:31:32: GL_ARB_seamless_cubemap_per_texture
19:31:32: GL_ARB_separate_shader_objects
19:31:32: GL_ARB_shader_atomic_counter_ops
19:31:32: GL_ARB_shader_atomic_counters
19:31:32: GL_ARB_shader_ballot
19:31:32: GL_ARB_shader_bit_encoding
19:31:32: GL_ARB_shader_clock
19:31:32: GL_ARB_shader_draw_parameters
19:31:32: GL_ARB_shader_group_vote
19:31:32: GL_ARB_shader_image_load_store
19:31:32: GL_ARB_shader_image_size
19:31:32: GL_ARB_shader_objects
19:31:32: GL_ARB_shader_precision
19:31:32: GL_ARB_shader_storage_buffer_object
19:31:32: GL_ARB_shader_texture_image_samples
19:31:32: GL_ARB_shader_texture_lod
19:31:32: GL_ARB_shading_language_100
19:31:32: GL_ARB_shading_language_420pack
19:31:32: GL_ARB_shading_language_packing
19:31:32: GL_ARB_shadow
19:31:32: GL_ARB_stencil_texturing
19:31:32: GL_ARB_sync
19:31:32: GL_ARB_texture_barrier
19:31:32: GL_ARB_texture_border_clamp
19:31:32: GL_ARB_texture_compression
19:31:32: GL_ARB_texture_compression_bptc
19:31:32: GL_ARB_texture_compression_rgtc
19:31:32: GL_ARB_texture_cube_map
19:31:32: GL_ARB_texture_cube_map_array
19:31:32: GL_ARB_texture_env_add
19:31:32: GL_ARB_texture_env_combine
19:31:32: GL_ARB_texture_env_crossbar
19:31:32: GL_ARB_texture_env_dot3
19:31:32: GL_ARB_texture_filter_anisotropic
19:31:32: GL_ARB_texture_float
19:31:32: GL_ARB_texture_gather
19:31:32: GL_ARB_texture_mirror_clamp_to_edge
19:31:32: GL_ARB_texture_mirrored_repeat
19:31:32: GL_ARB_texture_multisample
19:31:32: GL_ARB_texture_non_power_of_two
19:31:32: GL_ARB_texture_query_levels
19:31:32: GL_ARB_texture_query_lod
19:31:32: GL_ARB_texture_rectangle
19:31:32: GL_ARB_texture_rg
19:31:32: GL_ARB_texture_rgb10_a2ui
19:31:32: GL_ARB_texture_stencil8
19:31:32: GL_ARB_texture_storage
19:31:32: GL_ARB_texture_storage_multisample
19:31:32: GL_ARB_texture_swizzle
19:31:32: GL_ARB_texture_view
19:31:32: GL_ARB_timer_query
19:31:32: GL_ARB_transform_feedback2
19:31:32: GL_ARB_transform_feedback3
19:31:32: GL_ARB_transform_feedback_instanced
19:31:32: GL_ARB_transform_feedback_overflow_query
19:31:32: GL_ARB_transpose_matrix
19:31:32: GL_ARB_uniform_buffer_object
19:31:32: GL_ARB_vertex_array_bgra
19:31:32: GL_ARB_vertex_array_object
19:31:32: GL_ARB_vertex_attrib_binding
19:31:32: GL_ARB_vertex_buffer_object
19:31:32: GL_ARB_vertex_program
19:31:32: GL_ARB_vertex_shader
19:31:32: GL_ARB_vertex_type_10f_11f_11f_rev
19:31:32: GL_ARB_vertex_type_2_10_10_10_rev
19:31:32: GL_ARB_window_pos
19:31:32: GL_ATI_blend_equation_separate
19:31:32: GL_ATI_draw_buffers
19:31:32: GL_ATI_separate_stencil
19:31:32: GL_ATI_texture_env_combine3
19:31:32: GL_ATI_texture_float
19:31:32: GL_EXT_abgr
19:31:32: GL_EXT_bgra
19:31:32: GL_EXT_blend_color
19:31:32: GL_EXT_blend_equation_separate
19:31:32: GL_EXT_blend_func_separate
19:31:32: GL_EXT_blend_minmax
19:31:32: GL_EXT_blend_subtract
19:31:32: GL_EXT_compiled_vertex_array
19:31:32: GL_EXT_copy_texture
19:31:32: GL_EXT_draw_buffers2
19:31:32: GL_EXT_draw_instanced
19:31:32: GL_EXT_draw_range_elements
19:31:32: GL_EXT_fog_coord
19:31:32: GL_EXT_framebuffer_blit
19:31:32: GL_EXT_framebuffer_multisample
19:31:32: GL_EXT_framebuffer_multisample_blit_scaled
19:31:32: GL_EXT_framebuffer_object
19:31:32: GL_EXT_framebuffer_sRGB
19:31:32: GL_EXT_gpu_program_parameters
19:31:32: GL_EXT_multi_draw_arrays
19:31:32: GL_EXT_packed_depth_stencil
19:31:32: GL_EXT_packed_float
19:31:32: GL_EXT_packed_pixels
19:31:32: GL_EXT_pixel_buffer_object
19:31:32: GL_EXT_point_parameters
19:31:32: GL_EXT_polygon_offset_clamp
19:31:32: GL_EXT_provoking_vertex
19:31:32: GL_EXT_rescale_normal
19:31:32: GL_EXT_secondary_color
19:31:32: GL_EXT_separate_specular_color
19:31:32: GL_EXT_shader_framebuffer_fetch_non_coherent
19:31:32: GL_EXT_shader_integer_mix
19:31:32: GL_EXT_shader_samples_identical
19:31:32: GL_EXT_shadow_funcs
19:31:32: GL_EXT_stencil_two_side
19:31:32: GL_EXT_stencil_wrap
19:31:32: GL_EXT_subtexture
19:31:32: GL_EXT_texture
19:31:32: GL_EXT_texture3D
19:31:32: GL_EXT_texture_array
19:31:32: GL_EXT_texture_compression_dxt1
19:31:32: GL_EXT_texture_compression_rgtc
19:31:32: GL_EXT_texture_compression_s3tc
19:31:32: GL_EXT_texture_cube_map
19:31:32: GL_EXT_texture_edge_clamp
19:31:32: GL_EXT_texture_env_add
19:31:32: GL_EXT_texture_env_combine
19:31:32: GL_EXT_texture_env_dot3
19:31:32: GL_EXT_texture_filter_anisotropic
19:31:32: GL_EXT_texture_integer
19:31:32: GL_EXT_texture_lod_bias
19:31:32: GL_EXT_texture_object
19:31:32: GL_EXT_texture_rectangle
19:31:32: GL_EXT_texture_sRGB
19:31:32: GL_EXT_texture_sRGB_R8
19:31:32: GL_EXT_texture_sRGB_decode
19:31:32: GL_EXT_texture_shadow_lod
19:31:32: GL_EXT_texture_shared_exponent
19:31:32: GL_EXT_texture_snorm
19:31:32: GL_EXT_texture_swizzle
19:31:32: GL_EXT_timer_query
19:31:32: GL_EXT_transform_feedback
19:31:32: GL_EXT_vertex_array
19:31:32: GL_EXT_vertex_array_bgra
19:31:32: GL_IBM_multimode_draw_arrays
19:31:32: GL_IBM_rasterpos_clip
19:31:32: GL_IBM_texture_mirrored_repeat
19:31:32: GL_INGR_blend_func_separate
19:31:32: GL_INTEL_performance_query
19:31:32: GL_KHR_blend_equation_advanced
19:31:32: GL_KHR_context_flush_control
19:31:32: GL_KHR_debug
19:31:32: GL_KHR_no_error
19:31:32: GL_KHR_parallel_shader_compile
19:31:32: GL_KHR_robust_buffer_access_behavior
19:31:32: GL_KHR_robustness
19:31:32: GL_MESA_pack_invert
19:31:32: GL_MESA_shader_integer_functions
19:31:32: GL_MESA_texture_signed_rgba
19:31:32: GL_MESA_window_pos
19:31:32: GL_NV_blend_square
19:31:32: GL_NV_compute_shader_derivatives
19:31:32: GL_NV_conditional_render
19:31:32: GL_NV_depth_clamp
19:31:32: GL_NV_fog_distance
19:31:32: GL_NV_light_max_exponent
19:31:32: GL_NV_packed_depth_stencil
19:31:32: GL_NV_primitive_restart
19:31:32: GL_NV_texgen_reflection
19:31:32: GL_NV_texture_barrier
19:31:32: GL_NV_texture_env_combine4
19:31:32: GL_NV_texture_rectangle
19:31:32: GL_OES_EGL_image
19:31:32: GL_OES_read_format
19:31:32: GL_S3_s3tc
19:31:32: GL_SGIS_generate_mipmap
19:31:32: GL_SGIS_texture_border_clamp
19:31:32: GL_SGIS_texture_edge_clamp
19:31:32: GL_SGIS_texture_lod
19:31:32: GL_SUN_multi_draw_arrays
19:31:32: Supported GLX extensions: GLX_ARB_create_context GLX_ARB_create_context_no_error GLX_ARB_create_context_profile GLX_ARB_create_context_robustness GLX_ARB_fbconfig_float GLX_ARB_framebuffer_sRGB GLX_ARB_get_proc_address GLX_ARB_multisample GLX_EXT_buffer_age GLX_EXT_create_context_es2_profile GLX_EXT_create_context_es_profile GLX_EXT_fbconfig_packed_float GLX_EXT_framebuffer_sRGB GLX_EXT_import_context GLX_EXT_texture_from_pixmap GLX_EXT_visual_info GLX_EXT_visual_rating GLX_INTEL_swap_event GLX_MESA_copy_sub_buffer GLX_MESA_query_renderer GLX_MESA_swap_control GLX_OML_swap_method GLX_OML_sync_control GLX_SGIS_multisample GLX_SGIX_fbconfig GLX_SGIX_pbuffer GLX_SGIX_visual_select_group GLX_SGI_make_current_read GLX_SGI_swap_control GLX_SGI_video_sync 
19:31:32: OGRE EXCEPTION(3:RenderingAPIException): OpenGL 3.3 is not supported. Please update your graphics card drivers. in GL3PlusRenderSystem::initialiseContext at /var/lib/jenkins/workspace/ogre-2.1-debbuilder/repo/RenderSystems/GL3Plus/src/OgreGL3PlusRenderSystem.cpp (line 3415)
19:31:32: OGRE EXCEPTION(2:InvalidParametersException): Window with name 'OgreWindow(0)_0' already exists in GL3PlusRenderSystem::_createRenderWindow at /var/lib/jenkins/workspace/ogre-2.1-debbuilder/repo/RenderSystems/GL3Plus/src/OgreGL3PlusRenderSystem.cpp (line 742)
19:31:32: OGRE EXCEPTION(2:InvalidParametersException): Window with name 'OgreWindow(0)_0' already exists in GL3PlusRenderSystem::_createRenderWindow at /var/lib/jenkins/workspace/ogre-2.1-debbuilder/repo/RenderSystems/GL3Plus/src/OgreGL3PlusRenderSystem.cpp (line 742)
19:31:32: OGRE EXCEPTION(2:InvalidParametersException): Window with name 'OgreWindow(0)_0' already exists in GL3PlusRenderSystem::_createRenderWindow at /var/lib/jenkins/workspace/ogre-2.1-debbuilder/repo/RenderSystems/GL3Plus/src/OgreGL3PlusRenderSystem.cpp (line 742)
19:31:32: OGRE EXCEPTION(2:InvalidParametersException): Window with name 'OgreWindow(0)_0' already exists in GL3PlusRenderSystem::_createRenderWindow at /var/lib/jenkins/workspace/ogre-2.1-debbuilder/repo/RenderSystems/GL3Plus/src/OgreGL3PlusRenderSystem.cpp (line 742)
19:31:32: OGRE EXCEPTION(2:InvalidParametersException): Window with name 'OgreWindow(0)_0' already exists in GL3PlusRenderSystem::_createRenderWindow at /var/lib/jenkins/workspace/ogre-2.1-debbuilder/repo/RenderSystems/GL3Plus/src/OgreGL3PlusRenderSystem.cpp (line 742)
19:31:32: OGRE EXCEPTION(2:InvalidParametersException): Window with name 'OgreWindow(0)_0' already exists in GL3PlusRenderSystem::_createRenderWindow at /var/lib/jenkins/workspace/ogre-2.1-debbuilder/repo/RenderSystems/GL3Plus/src/OgreGL3PlusRenderSystem.cpp (line 742)
19:31:32: OGRE EXCEPTION(2:InvalidParametersException): Window with name 'OgreWindow(0)_0' already exists in GL3PlusRenderSystem::_createRenderWindow at /var/lib/jenkins/workspace/ogre-2.1-debbuilder/repo/RenderSystems/GL3Plus/src/OgreGL3PlusRenderSystem.cpp (line 742)
19:31:32: OGRE EXCEPTION(2:InvalidParametersException): Window with name 'OgreWindow(0)_0' already exists in GL3PlusRenderSystem::_createRenderWindow at /var/lib/jenkins/workspace/ogre-2.1-debbuilder/repo/RenderSystems/GL3Plus/src/OgreGL3PlusRenderSystem.cpp (line 742)
19:31:32: OGRE EXCEPTION(2:InvalidParametersException): Window with name 'OgreWindow(0)_0' already exists in GL3PlusRenderSystem::_createRenderWindow at /var/lib/jenkins/workspace/ogre-2.1-debbuilder/repo/RenderSystems/GL3Plus/src/OgreGL3PlusRenderSystem.cpp (line 742)
19:31:32: Added resource location '/usr/share/ignition/ignition-rendering2/ogre2/media' of type 'FileSystem' to resource group 'General'
19:31:32: Added resource location '/usr/share/ignition/ignition-rendering2/ogre2/media/materials/programs' of type 'FileSystem' to resource group 'General'
19:31:32: Added resource location '/usr/share/ignition/ignition-rendering2/ogre2/media/materials/scripts' of type 'FileSystem' to resource group 'General'
19:31:32: Added resource location '/usr/share/ignition/ignition-rendering2/ogre2/media/2.0/scripts/Compositors' of type 'FileSystem' to resource group 'General'
19:31:32: Added resource location '/usr/share/ignition/ignition-rendering2/ogre2/media/2.0/scripts/materials/Common' of type 'FileSystem' to resource group 'General'
19:31:32: Added resource location '/usr/share/ignition/ignition-rendering2/ogre2/media/2.0/scripts/materials/Common/GLSL' of type 'FileSystem' to resource group 'General'